T41E4 000:001.907   SEGGER J-Link V7.98g Log File
T41E4 000:002.221   DLL Compiled: Sep  5 2024 11:46:36
T41E4 000:002.235   Logging started @ 2024-12-20 06:36
T41E4 000:002.250   Process: C:\Users\jerry.chen\.eclipse\com.renesas.platform_1435879475\DebugComp\RA\e2-server-gdb.exe
T41E4 000:002.265 - 2.263ms
T41E4 000:002.296 JLINK_GetDLLVersion()
T41E4 000:002.309 - 0.021ms returns 79807
T41E4 000:011.792 JLINK_OpenEx(...)
T41E4 000:026.059   Firmware: J-Link OB-S124 compiled Jul  3 2024 17:03:07
T41E4 000:027.182   Firmware: J-Link OB-S124 compiled Jul  3 2024 17:03:07
T41E4 000:054.247   Hardware: V1.00
T41E4 000:054.328   S/N: 831467091
T41E4 000:054.355   OEM: SEGGER
T41E4 000:054.380   Feature(s): None
T41E4 000:056.302   Bootloader: 2019 Oct 15
T41E4 000:057.796   USB speed mode: Full speed (12 MBit/s)
T41E4 000:058.983   TELNET listener socket opened on port 19021
T41E4 000:059.498   WEBSRV WEBSRV_Init(): Starting webserver thread(s)
T41E4 000:059.762   WEBSRV Webserver running on local port 19080
T41E4 000:059.983   Looking for J-Link GUI Server exe at: C:\Users\jerry.chen\.eclipse\com.renesas.platform_1435879475\DebugComp\RA\ARM\Segger_v7.98.7\JLinkGUIServer.exe
T41E4 000:060.204   Looking for J-Link GUI Server exe at: C:\Program Files\SEGGER\JLink\JLinkGUIServer.exe
T41E4 000:060.283   Forking J-Link GUI Server: C:\Program Files\SEGGER\JLink\JLinkGUIServer.exe
T41E4 000:125.306   J-Link GUI Server info: "J-Link GUI server V7.98i "
T41E4 000:130.254 - 118.454ms returns "O.K."
T41E4 000:130.688 JLINK_ExecCommand("ProjectFile=E:\RS_workspace\ra6m4_backtrace/ra6m4_backtrace Debug_Flat.jlink", ...). 
T41E4 000:166.569 - 35.884ms returns 0x00
T41E4 000:167.256 JLINK_ExecCommand("device=R7FA6M4AF", ...). 
T41E4 000:168.208   Flash bank @ 0x0100A100: SFL: Parsing sectorization info from ELF file
T41E4 000:168.253     FlashDevice.SectorInfo[0]: .SectorSize = 0x00000010, .SectorStartAddr = 0x00000000
T41E4 000:168.282   FlashBank @0x0100A100: Sectorization info from SFL ELF file ignored because sectorization override from DLL / XML file is active.
T41E4 000:168.645   Flash bank @ 0x60000000: SFL: Parsing sectorization info from ELF file
T41E4 000:168.683     FlashDevice.SectorInfo[0]: .SectorSize = 0x00010000, .SectorStartAddr = 0x00000000
T41E4 000:171.585   Device "R7FA6M4AF" selected.
T41E4 000:174.165 - 6.875ms returns 0x00
T41E4 000:174.219 JLINK_TIF_GetAvailable(...)
T41E4 000:174.722 - 0.502ms
T41E4 000:174.767 JLINK_TIF_Select(JLINKARM_TIF_SWD)
T41E4 000:175.731 - 0.963ms returns 0x00
T41E4 000:175.867 JLINK_SetSpeed(4000)
T41E4 000:175.968 - 0.105ms
T41E4 000:176.001 JLINK_ReadMem(0xE000EDF0, 0x4 Bytes, ...)
T41E4 000:176.321   ConfigTargetSettings() start
T41E4 000:176.350    J-Link Script File: Executing ConfigTargetSettings()
T41E4 000:176.369   Configuring FlashDLNoRMWThreshold=0x200 in order to make sure that option bytes programming is done via read-modify-write
T41E4 000:206.509   ConfigTargetSettings() end - Took 30.1ms
T41E4 000:206.559   InitTarget() start
T41E4 000:206.587    J-Link Script File: Executing InitTarget()
T41E4 000:206.610   SWD selected. Executing JTAG -> SWD switching sequence.
T41E4 000:210.011   DAP initialized successfully.
T41E4 000:210.070   Determining TrustZone configuration...
T41E4 000:212.083     Secure Debug: Enabled (SSD)
T41E4 000:212.148   Determining currently configured transfer type by reading the AHB-AP CSW register.
T41E4 000:213.694     --> Correct transfer type configured. Done.
T41E4 000:213.763   InitTarget() end - Took 7.17ms
T41E4 000:214.960   Found SW-DP with ID 0x6BA02477
T41E4 000:218.924   DPIDR: 0x6BA02477
T41E4 000:218.973   CoreSight SoC-400 or earlier
T41E4 000:218.995   Scanning AP map to find all available APs
T41E4 000:220.884   AP[2]: Stopped AP scan as end of AP map has been reached
T41E4 000:220.933   AP[0]: AHB-AP (IDR: 0x84770001, ADDR: 0x00000000)
T41E4 000:220.954   AP[1]: APB-AP (IDR: 0x54770002, ADDR: 0x01000000)
T41E4 000:220.975   Iterating through AP map to find AHB-AP to use
T41E4 000:222.643   AP[0]: Core found
T41E4 000:222.759   AP[0]: AHB-AP ROM base: 0xE00FE000
T41E4 000:223.572   CPUID register: 0x410FD214. Implementer code: 0x41 (ARM)
T41E4 000:223.625   Feature set: Mainline
T41E4 000:224.451   Cache: No cache
T41E4 000:224.497   Found Cortex-M33 r0p4, Little endian.
T41E4 000:225.165   -- Max. mem block: 0x00001960
T41E4 000:226.823   CPU_ReadMem(4 bytes @ 0xE000EDF0)
T41E4 000:227.835   CPU_ReadMem(4 bytes @ 0xE0002000)
T41E4 000:228.434   FPUnit: 8 code (BP) slots and 0 literal slots
T41E4 000:228.491   CPU_ReadMem(4 bytes @ 0xE000EDFC)
T41E4 000:229.121   CPU_ReadMem(4 bytes @ 0xE0001000)
T41E4 000:229.756   CPU_ReadMem(4 bytes @ 0xE0001000)
T41E4 000:230.438   CPU_ReadMem(4 bytes @ 0xE0001028)
T41E4 000:231.080   CPU_ReadMem(4 bytes @ 0xE0001038)
T41E4 000:231.691   CPU_ReadMem(4 bytes @ 0xE0001048)
T41E4 000:232.319   CPU_ReadMem(4 bytes @ 0xE0001058)
T41E4 000:232.976   CPU_WriteMem(4 bytes @ 0xE0001000)
T41E4 000:233.639   CPU_ReadMem(4 bytes @ 0xE000ED88)
T41E4 000:234.266   CPU_WriteMem(4 bytes @ 0xE000ED88)
T41E4 000:234.993   CPU_ReadMem(4 bytes @ 0xE000ED88)
T41E4 000:235.645   CPU_WriteMem(4 bytes @ 0xE000ED88)
T41E4 000:236.538   CPU_ReadMem(4 bytes @ 0xE000EFB8)
T41E4 000:237.325   Security extension: implemented
T41E4 000:237.372   Secure debug: enabled
T41E4 000:237.392   CoreSight components:
T41E4 000:237.412   ROMTbl[0] @ E00FE000
T41E4 000:237.433   CPU_ReadMem(64 bytes @ 0xE00FE000)
T41E4 000:238.924   CPU_ReadMem(32 bytes @ 0xE0044FE0)
T41E4 000:239.938   CPU_ReadMem(4 bytes @ 0xE0044FBC)
T41E4 000:240.577   CPU_ReadMem(4 bytes @ 0xE0044FCC)
T41E4 000:241.273   [0][0]: E0044000 CID B105900D PID 005BB906 DEVARCH 00000000 DEVTYPE 14 CTI (?)
T41E4 000:241.314   CPU_ReadMem(32 bytes @ 0xE0047FE0)
T41E4 000:242.283   CPU_ReadMem(4 bytes @ 0xE0047FBC)
T41E4 000:242.920   CPU_ReadMem(4 bytes @ 0xE0047FCC)
T41E4 000:243.487   [0][1]: E0047000 CID B105900D PID 003BB908 DEVARCH 00000000 DEVTYPE 12 CSTF
T41E4 000:243.538   CPU_ReadMem(32 bytes @ 0xE0048FE0)
T41E4 000:244.494   CPU_ReadMem(4 bytes @ 0xE0048FBC)
T41E4 000:245.147   CPU_ReadMem(4 bytes @ 0xE0048FCC)
T41E4 000:245.807   [0][2]: E0048000 CID B105900D PID 001BB961 DEVARCH 00000000 DEVTYPE 21 ETB
T41E4 000:245.851   CPU_ReadMem(32 bytes @ 0xE0049FE0)
T41E4 000:246.815   [0][3]: E0049000 CID B105F00D PID 001BB101 TSG
T41E4 000:246.859   CPU_ReadMem(32 bytes @ 0xE0040FE0)
T41E4 000:247.816   CPU_ReadMem(4 bytes @ 0xE0040FBC)
T41E4 000:248.478   CPU_ReadMem(4 bytes @ 0xE0040FCC)
T41E4 000:249.058   [0][4]: E0040000 CID B105900D PID 000BBD21 DEVARCH 00000000 DEVTYPE 11 TPIU
T41E4 000:249.096   CPU_ReadMem(32 bytes @ 0xE00FFFE0)
T41E4 000:250.060   [0][5]: E00FF000 CID B105100D PID 000BB4C9 ROM Table
T41E4 000:250.099   ROMTbl[1] @ E00FF000
T41E4 000:250.121   CPU_ReadMem(64 bytes @ 0xE00FF000)
T41E4 000:251.625   CPU_ReadMem(32 bytes @ 0xE000EFE0)
T41E4 000:252.680   CPU_ReadMem(4 bytes @ 0xE000EFBC)
T41E4 000:253.290   CPU_ReadMem(4 bytes @ 0xE000EFCC)
T41E4 000:253.923   [1][0]: E000E000 CID B105900D PID 000BBD21 DEVARCH 47702A04 DEVTYPE 00 Cortex-M33
T41E4 000:253.947   CPU_ReadMem(32 bytes @ 0xE0001FE0)
T41E4 000:255.059   CPU_ReadMem(4 bytes @ 0xE0001FBC)
T41E4 000:255.790   CPU_ReadMem(4 bytes @ 0xE0001FCC)
T41E4 000:256.416   [1][1]: E0001000 CID B105900D PID 000BBD21 DEVARCH 47701A02 DEVTYPE 00 DWT
T41E4 000:256.462   CPU_ReadMem(32 bytes @ 0xE0002FE0)
T41E4 000:257.472   CPU_ReadMem(4 bytes @ 0xE0002FBC)
T41E4 000:258.117   CPU_ReadMem(4 bytes @ 0xE0002FCC)
T41E4 000:258.858   [1][2]: E0002000 CID B105900D PID 000BBD21 DEVARCH 47701A03 DEVTYPE 00 FPB
T41E4 000:258.903   CPU_ReadMem(32 bytes @ 0xE0000FE0)
T41E4 000:259.883   CPU_ReadMem(4 bytes @ 0xE0000FBC)
T41E4 000:260.561   CPU_ReadMem(4 bytes @ 0xE0000FCC)
T41E4 000:261.151   [1][3]: E0000000 CID B105900D PID 000BBD21 DEVARCH 47701A01 DEVTYPE 43 ITM
T41E4 000:261.183   CPU_ReadMem(32 bytes @ 0xE0041FE0)
T41E4 000:262.158   CPU_ReadMem(4 bytes @ 0xE0041FBC)
T41E4 000:262.893   CPU_ReadMem(4 bytes @ 0xE0041FCC)
T41E4 000:263.657   [1][5]: E0041000 CID B105900D PID 002BBD21 DEVARCH 47724A13 DEVTYPE 13 ETM
T41E4 000:263.699   CPU_ReadMem(32 bytes @ 0xE0042FE0)
T41E4 000:264.662   CPU_ReadMem(4 bytes @ 0xE0042FBC)
T41E4 000:265.322   CPU_ReadMem(4 bytes @ 0xE0042FCC)
T41E4 000:266.049   [1][6]: E0042000 CID B105900D PID 000BBD21 DEVARCH 47701A14 DEVTYPE 14 CSS600-CTI
T41E4 000:266.118   CPU_ReadMem(4 bytes @ 0xE000EDF0)
T41E4 000:266.707   Data:  03 00 13 00
T41E4 000:266.759   Debug reg: DHCSR
T41E4 000:266.790 - 90.788ms returns 0
T41E4 000:266.825 JLINK_ReadMem(0x400E002C, 0x4 Bytes, ...)
T41E4 000:266.852   CPU_ReadMem(4 bytes @ 0x400E002C)
T41E4 000:267.504   Data:  02 00 00 00
T41E4 000:267.538 - 0.713ms returns 0
T41E4 000:267.604 JLINK_ReadMem(0xE000EDF0, 0x4 Bytes, ...)
T41E4 000:267.629   CPU_ReadMem(4 bytes @ 0xE000EDF0)
T41E4 000:268.240   Data:  03 00 13 00
T41E4 000:268.278   Debug reg: DHCSR
T41E4 000:268.300 - 0.696ms returns 0
T41E4 000:268.340 JLINK_ReadMem(0xE000EDF0, 0x4 Bytes, ...)
T41E4 000:268.359   CPU_ReadMem(4 bytes @ 0xE000EDF0)
T41E4 000:268.972   Data:  03 00 13 00
T41E4 000:269.002   Debug reg: DHCSR
T41E4 000:269.023 - 0.683ms returns 0
T41E4 000:269.042 JLINK_ReadMem(0x400E001C, 0x4 Bytes, ...)
T41E4 000:269.059   CPU_ReadMem(4 bytes @ 0x400E001C)
T41E4 000:269.664   Data:  00 68 00 00
T41E4 000:269.692 - 0.650ms returns 0
T41E4 000:269.713 JLINK_ReadMem(0xE000EDF0, 0x4 Bytes, ...)
T41E4 000:269.732   CPU_ReadMem(4 bytes @ 0xE000EDF0)
T41E4 000:270.426   Data:  03 00 13 00
T41E4 000:270.464   Debug reg: DHCSR
T41E4 000:270.496 - 0.783ms returns 0
T41E4 000:270.514 JLINK_ReadMem(0x400E0018, 0x4 Bytes, ...)
T41E4 000:270.533   CPU_ReadMem(4 bytes @ 0x400E0018)
T41E4 000:271.113   Data:  00 80 00 00
T41E4 000:271.153 - 0.638ms returns 0
T41E4 000:271.176 JLINK_ReadMem(0xE000EDF0, 0x4 Bytes, ...)
T41E4 000:271.194   CPU_ReadMem(4 bytes @ 0xE000EDF0)
T41E4 000:271.864   Data:  03 00 13 00
T41E4 000:271.888   Debug reg: DHCSR
T41E4 000:271.909 - 0.733ms returns 0
T41E4 000:271.925 JLINK_ReadMem(0x400E0020, 0x4 Bytes, ...)
T41E4 000:271.941   CPU_ReadMem(4 bytes @ 0x400E0020)
T41E4 000:272.539   Data:  00 00 00 00
T41E4 000:272.569 - 0.644ms returns 0
T41E4 000:272.595 JLINK_ReadMem(0xE000EDF0, 0x4 Bytes, ...)
T41E4 000:272.613   CPU_ReadMem(4 bytes @ 0xE000EDF0)
T41E4 000:273.447   Data:  03 00 13 00
T41E4 000:273.489   Debug reg: DHCSR
T41E4 000:273.511 - 0.916ms returns 0
T41E4 000:273.529 JLINK_ReadMem(0x400E0028, 0x4 Bytes, ...)
T41E4 000:273.547   CPU_ReadMem(4 bytes @ 0x400E0028)
T41E4 000:274.187   Data:  00 28 00 00
T41E4 000:274.295 - 0.765ms returns 0
T41E4 000:274.318 JLINK_ReadMem(0xE000EDF0, 0x4 Bytes, ...)
T41E4 000:274.337   CPU_ReadMem(4 bytes @ 0xE000EDF0)
T41E4 000:274.969   Data:  03 00 13 00
T41E4 000:275.007   Debug reg: DHCSR
T41E4 000:275.030 - 0.711ms returns 0
T41E4 000:275.048 JLINK_ReadMem(0x400E0024, 0x4 Bytes, ...)
T41E4 000:275.066   CPU_ReadMem(4 bytes @ 0x400E0024)
T41E4 000:275.683   Data:  00 40 00 00
T41E4 000:275.715 - 0.667ms returns 0
T41E4 000:275.737 JLINK_ReadMem(0xE000EDF0, 0x4 Bytes, ...)
T41E4 000:275.754   CPU_ReadMem(4 bytes @ 0xE000EDF0)
T41E4 000:276.414   Data:  03 00 13 00
T41E4 000:276.445   Debug reg: DHCSR
T41E4 000:276.465 - 0.728ms returns 0
T41E4 000:276.481 JLINK_ReadMem(0x400E002C, 0x4 Bytes, ...)
T41E4 000:276.499   CPU_ReadMem(4 bytes @ 0x400E002C)
T41E4 000:277.103   Data:  02 00 00 00
T41E4 000:277.129 - 0.647ms returns 0
T41E4 000:277.148 JLINK_ReadMem(0xE000EDF0, 0x4 Bytes, ...)
T41E4 000:277.164   CPU_ReadMem(4 bytes @ 0xE000EDF0)
T41E4 000:277.795   Data:  03 00 13 00
T41E4 000:277.852   Debug reg: DHCSR
T41E4 000:277.885 - 0.736ms returns 0
T41E4 000:277.912 JLINK_ReadMem(0x400E002C, 0x4 Bytes, ...)
T41E4 000:277.940   CPU_ReadMem(4 bytes @ 0x400E002C)
T41E4 000:278.596   Data:  02 00 00 00
T41E4 000:278.644 - 0.732ms returns 0
T41E4 000:289.673 JLINK_Close()
T41E4 000:311.111 - 21.437ms
T41E4 000:311.169   
T41E4 000:311.186   Closed
